<?xml version="1.0" encoding="UTF-8"?>
<testsuite name="pt.up.fe.comp.cpf.Cpf5_Optimizations" tests="22" skipped="0" failures="9" errors="0" timestamp="2022-06-15T19:01:04" hostname="ubntu" time="0.31">
  <properties/>
  <testcase name="section2_RegAlloc_UsesMinimumPossible" classname="pt.up.fe.comp.cpf.Cpf5_Optimizations" time="0.017">
    <failure message="java.lang.AssertionError: Expected code to change with -r flag&#10;&#10;Original code:&#10;.class RegAlloc&#10;.super java/lang/Object&#10;&#10;.method public &lt;init&gt;()V&#10;aload_0&#10;invokespecial java/lang/Object.&lt;init&gt;()V&#10;return&#10;.end method&#10;&#10;.method public soManyRegisters(I)I&#10;.limit locals 6&#10;.limit stack 1&#10;iconst_0&#10;istore_2&#10;iload_2&#10;istore_3&#10;iload_3&#10;istore 4&#10;iload 4&#10;istore 5&#10;iload 5&#10;ireturn&#10;.end method&#10;&#10;.method public static main([Ljava/lang/String;)V&#10;.limit locals 1&#10;.limit stack 0&#10;return&#10;.end method&#10;&#10;&#10;Jasmin code:&#10;.class RegAlloc&#10;.super java/lang/Object&#10;&#10;.method public &lt;init&gt;()V&#10;aload_0&#10;invokespecial java/lang/Object.&lt;init&gt;()V&#10;return&#10;.end method&#10;&#10;.method public soManyRegisters(I)I&#10;.limit locals 6&#10;.limit stack 1&#10;iconst_0&#10;istore_2&#10;iload_2&#10;istore_3&#10;iload_3&#10;istore 4&#10;iload 4&#10;istore 5&#10;iload 5&#10;ireturn&#10;.end method&#10;&#10;.method public static main([Ljava/lang/String;)V&#10;.limit locals 1&#10;.limit stack 0&#10;return&#10;.end method&#10;&#10;&#10;No reports&#10;&#10;. Actual: .class RegAlloc&#10;.super java/lang/Object&#10;&#10;.method public &lt;init&gt;()V&#10;aload_0&#10;invokespecial java/lang/Object.&lt;init&gt;()V&#10;return&#10;.end method&#10;&#10;.method public soManyRegisters(I)I&#10;.limit locals 6&#10;.limit stack 1&#10;iconst_0&#10;istore_2&#10;iload_2&#10;istore_3&#10;iload_3&#10;istore 4&#10;iload 4&#10;istore 5&#10;iload 5&#10;ireturn&#10;.end method&#10;&#10;.method public static main([Ljava/lang/String;)V&#10;.limit locals 1&#10;.limit stack 0&#10;return&#10;.end method&#10;" type="java.lang.AssertionError">java.lang.AssertionError: Expected code to change with -r flag

Original code:
.class RegAlloc
.super java/lang/Object

.method public &lt;init&gt;()V
aload_0
invokespecial java/lang/Object.&lt;init&gt;()V
return
.end method

.method public soManyRegisters(I)I
.limit locals 6
.limit stack 1
iconst_0
istore_2
iload_2
istore_3
iload_3
istore 4
iload 4
istore 5
iload 5
ireturn
.end method

.method public static main([Ljava/lang/String;)V
.limit locals 1
.limit stack 0
return
.end method


Jasmin code:
.class RegAlloc
.super java/lang/Object

.method public &lt;init&gt;()V
aload_0
invokespecial java/lang/Object.&lt;init&gt;()V
return
.end method

.method public soManyRegisters(I)I
.limit locals 6
.limit stack 1
iconst_0
istore_2
iload_2
istore_3
iload_3
istore 4
iload 4
istore 5
iload 5
ireturn
.end method

.method public static main([Ljava/lang/String;)V
.limit locals 1
.limit stack 0
return
.end method


No reports

. Actual: .class RegAlloc
.super java/lang/Object

.method public &lt;init&gt;()V
aload_0
invokespecial java/lang/Object.&lt;init&gt;()V
return
.end method

.method public soManyRegisters(I)I
.limit locals 6
.limit stack 1
iconst_0
istore_2
iload_2
istore_3
iload_3
istore 4
iload 4
istore 5
iload 5
ireturn
.end method

.method public static main([Ljava/lang/String;)V
.limit locals 1
.limit stack 0
return
.end method

	at org.junit.Assert.fail(Assert.java:88)
	at org.junit.Assert.failEquals(Assert.java:185)
	at org.junit.Assert.assertNotEquals(Assert.java:161)
	at pt.up.fe.comp.CpUtils.assertNotEquals(CpUtils.java:224)
	at pt.up.fe.comp.cpf.Cpf5_Optimizations.section2_RegAlloc_UsesMinimumPossible(Cpf5_Optimizations.java:232)
	at java.base/jdk.internal.reflect.NativeMethodAccessorImpl.invoke0(Native Method)
	at java.base/jdk.internal.reflect.NativeMethodAccessorImpl.invoke(NativeMethodAccessorImpl.java:77)
	at java.base/jdk.internal.reflect.DelegatingMethodAccessorImpl.invoke(DelegatingMethodAccessorImpl.java:43)
	at java.base/java.lang.reflect.Method.invoke(Method.java:568)
	at org.junit.runners.model.FrameworkMethod$1.runReflectiveCall(FrameworkMethod.java:47)
	at org.junit.internal.runners.model.ReflectiveCallable.run(ReflectiveCallable.java:12)
	at org.junit.runners.model.FrameworkMethod.invokeExplosively(FrameworkMethod.java:44)
	at org.junit.internal.runners.statements.InvokeMethod.evaluate(InvokeMethod.java:17)
	at org.junit.runners.ParentRunner.runLeaf(ParentRunner.java:271)
	at org.junit.runners.BlockJUnit4ClassRunner.runChild(BlockJUnit4ClassRunner.java:70)
	at org.junit.runners.BlockJUnit4ClassRunner.runChild(BlockJUnit4ClassRunner.java:50)
	at org.junit.runners.ParentRunner$3.run(ParentRunner.java:238)
	at org.junit.runners.ParentRunner$1.schedule(ParentRunner.java:63)
	at org.junit.runners.ParentRunner.runChildren(ParentRunner.java:236)
	at org.junit.runners.ParentRunner.access$000(ParentRunner.java:53)
	at org.junit.runners.ParentRunner$2.evaluate(ParentRunner.java:229)
	at org.junit.runners.ParentRunner.run(ParentRunner.java:309)
	at org.gradle.api.internal.tasks.testing.junit.JUnitTestClassExecutor.runTestClass(JUnitTestClassExecutor.java:110)
	at org.gradle.api.internal.tasks.testing.junit.JUnitTestClassExecutor.execute(JUnitTestClassExecutor.java:58)
	at org.gradle.api.internal.tasks.testing.junit.JUnitTestClassExecutor.execute(JUnitTestClassExecutor.java:38)
	at org.gradle.api.internal.tasks.testing.junit.AbstractJUnitTestClassProcessor.processTestClass(AbstractJUnitTestClassProcessor.java:62)
	at org.gradle.api.internal.tasks.testing.SuiteTestClassProcessor.processTestClass(SuiteTestClassProcessor.java:51)
	at java.base/jdk.internal.reflect.NativeMethodAccessorImpl.invoke0(Native Method)
	at java.base/jdk.internal.reflect.NativeMethodAccessorImpl.invoke(NativeMethodAccessorImpl.java:77)
	at java.base/jdk.internal.reflect.DelegatingMethodAccessorImpl.invoke(DelegatingMethodAccessorImpl.java:43)
	at java.base/java.lang.reflect.Method.invoke(Method.java:568)
	at org.gradle.internal.dispatch.ReflectionDispatch.dispatch(ReflectionDispatch.java:36)
	at org.gradle.internal.dispatch.ReflectionDispatch.dispatch(ReflectionDispatch.java:24)
	at org.gradle.internal.dispatch.ContextClassLoaderDispatch.dispatch(ContextClassLoaderDispatch.java:33)
	at org.gradle.internal.dispatch.ProxyDispatchAdapter$DispatchingInvocationHandler.invoke(ProxyDispatchAdapter.java:94)
	at jdk.proxy1/jdk.proxy1.$Proxy2.processTestClass(Unknown Source)
	at org.gradle.api.internal.tasks.testing.worker.TestWorker$2.run(TestWorker.java:176)
	at org.gradle.api.internal.tasks.testing.worker.TestWorker.executeAndMaintainThreadName(TestWorker.java:129)
	at org.gradle.api.internal.tasks.testing.worker.TestWorker.execute(TestWorker.java:100)
	at org.gradle.api.internal.tasks.testing.worker.TestWorker.execute(TestWorker.java:60)
	at org.gradle.process.internal.worker.child.ActionExecutionWorker.execute(ActionExecutionWorker.java:56)
	at org.gradle.process.internal.worker.child.SystemApplicationClassLoaderWorker.call(SystemApplicationClassLoaderWorker.java:133)
	at org.gradle.process.internal.worker.child.SystemApplicationClassLoaderWorker.call(SystemApplicationClassLoaderWorker.java:71)
	at worker.org.gradle.process.internal.worker.GradleWorkerMain.run(GradleWorkerMain.java:69)
	at worker.org.gradle.process.internal.worker.GradleWorkerMain.main(GradleWorkerMain.java:74)
</failure>
  </testcase>
  <testcase name="section1_InstSelection_ldc_32768" classname="pt.up.fe.comp.cpf.Cpf5_Optimizations" time="0.01"/>
  <testcase name="section1_InstSelection_IfLt" classname="pt.up.fe.comp.cpf.Cpf5_Optimizations" time="0.008">
    <failure message="java.lang.AssertionError: Expected code to match /(iflt|ifge)/&#10;&#10;Jasmin code:&#10;.class InstSelection_if_lt&#10;.super java/lang/Object&#10;&#10;.method public &lt;init&gt;()V&#10;aload_0&#10;invokespecial java/lang/Object.&lt;init&gt;()V&#10;return&#10;.end method&#10;&#10;.method public static main([Ljava/lang/String;)V&#10;.limit locals 3&#10;.limit stack 2&#10;iconst_0&#10;istore_1&#10;iload_1&#10;iconst_0&#10;if_icmpge myTrue0&#10;iconst_1&#10;goto myEndIf0&#10;myTrue0:&#10;iconst_0&#10;myEndIf0:&#10;istore_2&#10;iload_2&#10;ifeq else1&#10;iconst_1&#10;istore_1&#10;goto endif1&#10;else1:&#10;iconst_2&#10;istore_1&#10;endif1:&#10;return&#10;.end method&#10;&#10;&#10;No reports&#10;&#10;" type="java.lang.AssertionError">java.lang.AssertionError: Expected code to match /(iflt|ifge)/

Jasmin code:
.class InstSelection_if_lt
.super java/lang/Object

.method public &lt;init&gt;()V
aload_0
invokespecial java/lang/Object.&lt;init&gt;()V
return
.end method

.method public static main([Ljava/lang/String;)V
.limit locals 3
.limit stack 2
iconst_0
istore_1
iload_1
iconst_0
if_icmpge myTrue0
iconst_1
goto myEndIf0
myTrue0:
iconst_0
myEndIf0:
istore_2
iload_2
ifeq else1
iconst_1
istore_1
goto endif1
else1:
iconst_2
istore_1
endif1:
return
.end method


No reports


	at org.junit.Assert.fail(Assert.java:88)
	at org.junit.Assert.assertTrue(Assert.java:41)
	at pt.up.fe.comp.CpUtils.assertTrue(CpUtils.java:232)
	at pt.up.fe.comp.CpUtils.matches(CpUtils.java:433)
	at pt.up.fe.comp.CpUtils.matches(CpUtils.java:428)
	at pt.up.fe.comp.cpf.Cpf5_Optimizations.section1_InstSelection_IfLt(Cpf5_Optimizations.java:117)
	at java.base/jdk.internal.reflect.NativeMethodAccessorImpl.invoke0(Native Method)
	at java.base/jdk.internal.reflect.NativeMethodAccessorImpl.invoke(NativeMethodAccessorImpl.java:77)
	at java.base/jdk.internal.reflect.DelegatingMethodAccessorImpl.invoke(DelegatingMethodAccessorImpl.java:43)
	at java.base/java.lang.reflect.Method.invoke(Method.java:568)
	at org.junit.runners.model.FrameworkMethod$1.runReflectiveCall(FrameworkMethod.java:47)
	at org.junit.internal.runners.model.ReflectiveCallable.run(ReflectiveCallable.java:12)
	at org.junit.runners.model.FrameworkMethod.invokeExplosively(FrameworkMethod.java:44)
	at org.junit.internal.runners.statements.InvokeMethod.evaluate(InvokeMethod.java:17)
	at org.junit.runners.ParentRunner.runLeaf(ParentRunner.java:271)
	at org.junit.runners.BlockJUnit4ClassRunner.runChild(BlockJUnit4ClassRunner.java:70)
	at org.junit.runners.BlockJUnit4ClassRunner.runChild(BlockJUnit4ClassRunner.java:50)
	at org.junit.runners.ParentRunner$3.run(ParentRunner.java:238)
	at org.junit.runners.ParentRunner$1.schedule(ParentRunner.java:63)
	at org.junit.runners.ParentRunner.runChildren(ParentRunner.java:236)
	at org.junit.runners.ParentRunner.access$000(ParentRunner.java:53)
	at org.junit.runners.ParentRunner$2.evaluate(ParentRunner.java:229)
	at org.junit.runners.ParentRunner.run(ParentRunner.java:309)
	at org.gradle.api.internal.tasks.testing.junit.JUnitTestClassExecutor.runTestClass(JUnitTestClassExecutor.java:110)
	at org.gradle.api.internal.tasks.testing.junit.JUnitTestClassExecutor.execute(JUnitTestClassExecutor.java:58)
	at org.gradle.api.internal.tasks.testing.junit.JUnitTestClassExecutor.execute(JUnitTestClassExecutor.java:38)
	at org.gradle.api.internal.tasks.testing.junit.AbstractJUnitTestClassProcessor.processTestClass(AbstractJUnitTestClassProcessor.java:62)
	at org.gradle.api.internal.tasks.testing.SuiteTestClassProcessor.processTestClass(SuiteTestClassProcessor.java:51)
	at java.base/jdk.internal.reflect.NativeMethodAccessorImpl.invoke0(Native Method)
	at java.base/jdk.internal.reflect.NativeMethodAccessorImpl.invoke(NativeMethodAccessorImpl.java:77)
	at java.base/jdk.internal.reflect.DelegatingMethodAccessorImpl.invoke(DelegatingMethodAccessorImpl.java:43)
	at java.base/java.lang.reflect.Method.invoke(Method.java:568)
	at org.gradle.internal.dispatch.ReflectionDispatch.dispatch(ReflectionDispatch.java:36)
	at org.gradle.internal.dispatch.ReflectionDispatch.dispatch(ReflectionDispatch.java:24)
	at org.gradle.internal.dispatch.ContextClassLoaderDispatch.dispatch(ContextClassLoaderDispatch.java:33)
	at org.gradle.internal.dispatch.ProxyDispatchAdapter$DispatchingInvocationHandler.invoke(ProxyDispatchAdapter.java:94)
	at jdk.proxy1/jdk.proxy1.$Proxy2.processTestClass(Unknown Source)
	at org.gradle.api.internal.tasks.testing.worker.TestWorker$2.run(TestWorker.java:176)
	at org.gradle.api.internal.tasks.testing.worker.TestWorker.executeAndMaintainThreadName(TestWorker.java:129)
	at org.gradle.api.internal.tasks.testing.worker.TestWorker.execute(TestWorker.java:100)
	at org.gradle.api.internal.tasks.testing.worker.TestWorker.execute(TestWorker.java:60)
	at org.gradle.process.internal.worker.child.ActionExecutionWorker.execute(ActionExecutionWorker.java:56)
	at org.gradle.process.internal.worker.child.SystemApplicationClassLoaderWorker.call(SystemApplicationClassLoaderWorker.java:133)
	at org.gradle.process.internal.worker.child.SystemApplicationClassLoaderWorker.call(SystemApplicationClassLoaderWorker.java:71)
	at worker.org.gradle.process.internal.worker.GradleWorkerMain.run(GradleWorkerMain.java:69)
	at worker.org.gradle.process.internal.worker.GradleWorkerMain.main(GradleWorkerMain.java:74)
</failure>
  </testcase>
  <testcase name="section1_InstSelection_iinc" classname="pt.up.fe.comp.cpf.Cpf5_Optimizations" time="0.009">
    <failure message="java.lang.AssertionError: Expected code to match /iinc\s+\w+\s+1/&#10;&#10;Jasmin code:&#10;.class InstSelection_iinc&#10;.super java/lang/Object&#10;&#10;.method public &lt;init&gt;()V&#10;aload_0&#10;invokespecial java/lang/Object.&lt;init&gt;()V&#10;return&#10;.end method&#10;&#10;.method public static main([Ljava/lang/String;)V&#10;.limit locals 2&#10;.limit stack 2&#10;iconst_2&#10;istore_1&#10;iload_1&#10;iconst_1&#10;iadd&#10;istore_1&#10;return&#10;.end method&#10;&#10;&#10;No reports&#10;&#10;" type="java.lang.AssertionError">java.lang.AssertionError: Expected code to match /iinc\s+\w+\s+1/

Jasmin code:
.class InstSelection_iinc
.super java/lang/Object

.method public &lt;init&gt;()V
aload_0
invokespecial java/lang/Object.&lt;init&gt;()V
return
.end method

.method public static main([Ljava/lang/String;)V
.limit locals 2
.limit stack 2
iconst_2
istore_1
iload_1
iconst_1
iadd
istore_1
return
.end method


No reports


	at org.junit.Assert.fail(Assert.java:88)
	at org.junit.Assert.assertTrue(Assert.java:41)
	at pt.up.fe.comp.CpUtils.assertTrue(CpUtils.java:232)
	at pt.up.fe.comp.CpUtils.matches(CpUtils.java:433)
	at pt.up.fe.comp.CpUtils.matches(CpUtils.java:428)
	at pt.up.fe.comp.cpf.Cpf5_Optimizations.section1_InstSelection_iinc(Cpf5_Optimizations.java:126)
	at java.base/jdk.internal.reflect.NativeMethodAccessorImpl.invoke0(Native Method)
	at java.base/jdk.internal.reflect.NativeMethodAccessorImpl.invoke(NativeMethodAccessorImpl.java:77)
	at java.base/jdk.internal.reflect.DelegatingMethodAccessorImpl.invoke(DelegatingMethodAccessorImpl.java:43)
	at java.base/java.lang.reflect.Method.invoke(Method.java:568)
	at org.junit.runners.model.FrameworkMethod$1.runReflectiveCall(FrameworkMethod.java:47)
	at org.junit.internal.runners.model.ReflectiveCallable.run(ReflectiveCallable.java:12)
	at org.junit.runners.model.FrameworkMethod.invokeExplosively(FrameworkMethod.java:44)
	at org.junit.internal.runners.statements.InvokeMethod.evaluate(InvokeMethod.java:17)
	at org.junit.runners.ParentRunner.runLeaf(ParentRunner.java:271)
	at org.junit.runners.BlockJUnit4ClassRunner.runChild(BlockJUnit4ClassRunner.java:70)
	at org.junit.runners.BlockJUnit4ClassRunner.runChild(BlockJUnit4ClassRunner.java:50)
	at org.junit.runners.ParentRunner$3.run(ParentRunner.java:238)
	at org.junit.runners.ParentRunner$1.schedule(ParentRunner.java:63)
	at org.junit.runners.ParentRunner.runChildren(ParentRunner.java:236)
	at org.junit.runners.ParentRunner.access$000(ParentRunner.java:53)
	at org.junit.runners.ParentRunner$2.evaluate(ParentRunner.java:229)
	at org.junit.runners.ParentRunner.run(ParentRunner.java:309)
	at org.gradle.api.internal.tasks.testing.junit.JUnitTestClassExecutor.runTestClass(JUnitTestClassExecutor.java:110)
	at org.gradle.api.internal.tasks.testing.junit.JUnitTestClassExecutor.execute(JUnitTestClassExecutor.java:58)
	at org.gradle.api.internal.tasks.testing.junit.JUnitTestClassExecutor.execute(JUnitTestClassExecutor.java:38)
	at org.gradle.api.internal.tasks.testing.junit.AbstractJUnitTestClassProcessor.processTestClass(AbstractJUnitTestClassProcessor.java:62)
	at org.gradle.api.internal.tasks.testing.SuiteTestClassProcessor.processTestClass(SuiteTestClassProcessor.java:51)
	at java.base/jdk.internal.reflect.NativeMethodAccessorImpl.invoke0(Native Method)
	at java.base/jdk.internal.reflect.NativeMethodAccessorImpl.invoke(NativeMethodAccessorImpl.java:77)
	at java.base/jdk.internal.reflect.DelegatingMethodAccessorImpl.invoke(DelegatingMethodAccessorImpl.java:43)
	at java.base/java.lang.reflect.Method.invoke(Method.java:568)
	at org.gradle.internal.dispatch.ReflectionDispatch.dispatch(ReflectionDispatch.java:36)
	at org.gradle.internal.dispatch.ReflectionDispatch.dispatch(ReflectionDispatch.java:24)
	at org.gradle.internal.dispatch.ContextClassLoaderDispatch.dispatch(ContextClassLoaderDispatch.java:33)
	at org.gradle.internal.dispatch.ProxyDispatchAdapter$DispatchingInvocationHandler.invoke(ProxyDispatchAdapter.java:94)
	at jdk.proxy1/jdk.proxy1.$Proxy2.processTestClass(Unknown Source)
	at org.gradle.api.internal.tasks.testing.worker.TestWorker$2.run(TestWorker.java:176)
	at org.gradle.api.internal.tasks.testing.worker.TestWorker.executeAndMaintainThreadName(TestWorker.java:129)
	at org.gradle.api.internal.tasks.testing.worker.TestWorker.execute(TestWorker.java:100)
	at org.gradle.api.internal.tasks.testing.worker.TestWorker.execute(TestWorker.java:60)
	at org.gradle.process.internal.worker.child.ActionExecutionWorker.execute(ActionExecutionWorker.java:56)
	at org.gradle.process.internal.worker.child.SystemApplicationClassLoaderWorker.call(SystemApplicationClassLoaderWorker.java:133)
	at org.gradle.process.internal.worker.child.SystemApplicationClassLoaderWorker.call(SystemApplicationClassLoaderWorker.java:71)
	at worker.org.gradle.process.internal.worker.GradleWorkerMain.run(GradleWorkerMain.java:69)
	at worker.org.gradle.process.internal.worker.GradleWorkerMain.main(GradleWorkerMain.java:74)
</failure>
  </testcase>
  <testcase name="section3_ConstProp_WithLoop" classname="pt.up.fe.comp.cpf.Cpf5_Optimizations" time="0.024">
    <failure message="java.lang.AssertionError: Expected code to change with -o flag&#10;&#10;Original code:&#10;.class PropWithLoop&#10;.super java/lang/Object&#10;&#10;.method public &lt;init&gt;()V&#10;aload_0&#10;invokespecial java/lang/Object.&lt;init&gt;()V&#10;return&#10;.end method&#10;&#10;.method public foo()I&#10;.limit locals 5&#10;.limit stack 2&#10;bipush 10&#10;istore_1&#10;iconst_0&#10;istore_2&#10;loop1:&#10;iload_2&#10;iload_1&#10;if_icmpge myTrue0&#10;iconst_1&#10;goto myEndIf0&#10;myTrue0:&#10;iconst_0&#10;myEndIf0:&#10;istore_3&#10;iload_3&#10;ifeq endloop1&#10;iload_2&#10;iconst_1&#10;iadd&#10;istore_2&#10;goto loop1&#10;endloop1:&#10;iload_2&#10;iload_1&#10;imul&#10;istore 4&#10;iload 4&#10;ireturn&#10;.end method&#10;&#10;.method public static main([Ljava/lang/String;)V&#10;.limit locals 1&#10;.limit stack 0&#10;return&#10;.end method&#10;&#10;&#10;Jasmin code:&#10;.class PropWithLoop&#10;.super java/lang/Object&#10;&#10;.method public &lt;init&gt;()V&#10;aload_0&#10;invokespecial java/lang/Object.&lt;init&gt;()V&#10;return&#10;.end method&#10;&#10;.method public foo()I&#10;.limit locals 5&#10;.limit stack 2&#10;bipush 10&#10;istore_1&#10;iconst_0&#10;istore_2&#10;loop1:&#10;iload_2&#10;iload_1&#10;if_icmpge myTrue0&#10;iconst_1&#10;goto myEndIf0&#10;myTrue0:&#10;iconst_0&#10;myEndIf0:&#10;istore_3&#10;iload_3&#10;ifeq endloop1&#10;iload_2&#10;iconst_1&#10;iadd&#10;istore_2&#10;goto loop1&#10;endloop1:&#10;iload_2&#10;iload_1&#10;imul&#10;istore 4&#10;iload 4&#10;ireturn&#10;.end method&#10;&#10;.method public static main([Ljava/lang/String;)V&#10;.limit locals 1&#10;.limit stack 0&#10;return&#10;.end method&#10;&#10;&#10;No reports&#10;&#10;. Actual: .class PropWithLoop&#10;.super java/lang/Object&#10;&#10;.method public &lt;init&gt;()V&#10;aload_0&#10;invokespecial java/lang/Object.&lt;init&gt;()V&#10;return&#10;.end method&#10;&#10;.method public foo()I&#10;.limit locals 5&#10;.limit stack 2&#10;bipush 10&#10;istore_1&#10;iconst_0&#10;istore_2&#10;loop1:&#10;iload_2&#10;iload_1&#10;if_icmpge myTrue0&#10;iconst_1&#10;goto myEndIf0&#10;myTrue0:&#10;iconst_0&#10;myEndIf0:&#10;istore_3&#10;iload_3&#10;ifeq endloop1&#10;iload_2&#10;iconst_1&#10;iadd&#10;istore_2&#10;goto loop1&#10;endloop1:&#10;iload_2&#10;iload_1&#10;imul&#10;istore 4&#10;iload 4&#10;ireturn&#10;.end method&#10;&#10;.method public static main([Ljava/lang/String;)V&#10;.limit locals 1&#10;.limit stack 0&#10;return&#10;.end method&#10;" type="java.lang.AssertionError">java.lang.AssertionError: Expected code to change with -o flag

Original code:
.class PropWithLoop
.super java/lang/Object

.method public &lt;init&gt;()V
aload_0
invokespecial java/lang/Object.&lt;init&gt;()V
return
.end method

.method public foo()I
.limit locals 5
.limit stack 2
bipush 10
istore_1
iconst_0
istore_2
loop1:
iload_2
iload_1
if_icmpge myTrue0
iconst_1
goto myEndIf0
myTrue0:
iconst_0
myEndIf0:
istore_3
iload_3
ifeq endloop1
iload_2
iconst_1
iadd
istore_2
goto loop1
endloop1:
iload_2
iload_1
imul
istore 4
iload 4
ireturn
.end method

.method public static main([Ljava/lang/String;)V
.limit locals 1
.limit stack 0
return
.end method


Jasmin code:
.class PropWithLoop
.super java/lang/Object

.method public &lt;init&gt;()V
aload_0
invokespecial java/lang/Object.&lt;init&gt;()V
return
.end method

.method public foo()I
.limit locals 5
.limit stack 2
bipush 10
istore_1
iconst_0
istore_2
loop1:
iload_2
iload_1
if_icmpge myTrue0
iconst_1
goto myEndIf0
myTrue0:
iconst_0
myEndIf0:
istore_3
iload_3
ifeq endloop1
iload_2
iconst_1
iadd
istore_2
goto loop1
endloop1:
iload_2
iload_1
imul
istore 4
iload 4
ireturn
.end method

.method public static main([Ljava/lang/String;)V
.limit locals 1
.limit stack 0
return
.end method


No reports

. Actual: .class PropWithLoop
.super java/lang/Object

.method public &lt;init&gt;()V
aload_0
invokespecial java/lang/Object.&lt;init&gt;()V
return
.end method

.method public foo()I
.limit locals 5
.limit stack 2
bipush 10
istore_1
iconst_0
istore_2
loop1:
iload_2
iload_1
if_icmpge myTrue0
iconst_1
goto myEndIf0
myTrue0:
iconst_0
myEndIf0:
istore_3
iload_3
ifeq endloop1
iload_2
iconst_1
iadd
istore_2
goto loop1
endloop1:
iload_2
iload_1
imul
istore 4
iload 4
ireturn
.end method

.method public static main([Ljava/lang/String;)V
.limit locals 1
.limit stack 0
return
.end method

	at org.junit.Assert.fail(Assert.java:88)
	at org.junit.Assert.failEquals(Assert.java:185)
	at org.junit.Assert.assertNotEquals(Assert.java:161)
	at pt.up.fe.comp.CpUtils.assertNotEquals(CpUtils.java:224)
	at pt.up.fe.comp.cpf.Cpf5_Optimizations.section3_ConstProp_WithLoop(Cpf5_Optimizations.java:278)
	at java.base/jdk.internal.reflect.NativeMethodAccessorImpl.invoke0(Native Method)
	at java.base/jdk.internal.reflect.NativeMethodAccessorImpl.invoke(NativeMethodAccessorImpl.java:77)
	at java.base/jdk.internal.reflect.DelegatingMethodAccessorImpl.invoke(DelegatingMethodAccessorImpl.java:43)
	at java.base/java.lang.reflect.Method.invoke(Method.java:568)
	at org.junit.runners.model.FrameworkMethod$1.runReflectiveCall(FrameworkMethod.java:47)
	at org.junit.internal.runners.model.ReflectiveCallable.run(ReflectiveCallable.java:12)
	at org.junit.runners.model.FrameworkMethod.invokeExplosively(FrameworkMethod.java:44)
	at org.junit.internal.runners.statements.InvokeMethod.evaluate(InvokeMethod.java:17)
	at org.junit.runners.ParentRunner.runLeaf(ParentRunner.java:271)
	at org.junit.runners.BlockJUnit4ClassRunner.runChild(BlockJUnit4ClassRunner.java:70)
	at org.junit.runners.BlockJUnit4ClassRunner.runChild(BlockJUnit4ClassRunner.java:50)
	at org.junit.runners.ParentRunner$3.run(ParentRunner.java:238)
	at org.junit.runners.ParentRunner$1.schedule(ParentRunner.java:63)
	at org.junit.runners.ParentRunner.runChildren(ParentRunner.java:236)
	at org.junit.runners.ParentRunner.access$000(ParentRunner.java:53)
	at org.junit.runners.ParentRunner$2.evaluate(ParentRunner.java:229)
	at org.junit.runners.ParentRunner.run(ParentRunner.java:309)
	at org.gradle.api.internal.tasks.testing.junit.JUnitTestClassExecutor.runTestClass(JUnitTestClassExecutor.java:110)
	at org.gradle.api.internal.tasks.testing.junit.JUnitTestClassExecutor.execute(JUnitTestClassExecutor.java:58)
	at org.gradle.api.internal.tasks.testing.junit.JUnitTestClassExecutor.execute(JUnitTestClassExecutor.java:38)
	at org.gradle.api.internal.tasks.testing.junit.AbstractJUnitTestClassProcessor.processTestClass(AbstractJUnitTestClassProcessor.java:62)
	at org.gradle.api.internal.tasks.testing.SuiteTestClassProcessor.processTestClass(SuiteTestClassProcessor.java:51)
	at java.base/jdk.internal.reflect.NativeMethodAccessorImpl.invoke0(Native Method)
	at java.base/jdk.internal.reflect.NativeMethodAccessorImpl.invoke(NativeMethodAccessorImpl.java:77)
	at java.base/jdk.internal.reflect.DelegatingMethodAccessorImpl.invoke(DelegatingMethodAccessorImpl.java:43)
	at java.base/java.lang.reflect.Method.invoke(Method.java:568)
	at org.gradle.internal.dispatch.ReflectionDispatch.dispatch(ReflectionDispatch.java:36)
	at org.gradle.internal.dispatch.ReflectionDispatch.dispatch(ReflectionDispatch.java:24)
	at org.gradle.internal.dispatch.ContextClassLoaderDispatch.dispatch(ContextClassLoaderDispatch.java:33)
	at org.gradle.internal.dispatch.ProxyDispatchAdapter$DispatchingInvocationHandler.invoke(ProxyDispatchAdapter.java:94)
	at jdk.proxy1/jdk.proxy1.$Proxy2.processTestClass(Unknown Source)
	at org.gradle.api.internal.tasks.testing.worker.TestWorker$2.run(TestWorker.java:176)
	at org.gradle.api.internal.tasks.testing.worker.TestWorker.executeAndMaintainThreadName(TestWorker.java:129)
	at org.gradle.api.internal.tasks.testing.worker.TestWorker.execute(TestWorker.java:100)
	at org.gradle.api.internal.tasks.testing.worker.TestWorker.execute(TestWorker.java:60)
	at org.gradle.process.internal.worker.child.ActionExecutionWorker.execute(ActionExecutionWorker.java:56)
	at org.gradle.process.internal.worker.child.SystemApplicationClassLoaderWorker.call(SystemApplicationClassLoaderWorker.java:133)
	at org.gradle.process.internal.worker.child.SystemApplicationClassLoaderWorker.call(SystemApplicationClassLoaderWorker.java:71)
	at worker.org.gradle.process.internal.worker.GradleWorkerMain.run(GradleWorkerMain.java:69)
	at worker.org.gradle.process.internal.worker.GradleWorkerMain.main(GradleWorkerMain.java:74)
</failure>
  </testcase>
  <testcase name="section2_RegAlloc_AtMostRequestedNumber" classname="pt.up.fe.comp.cpf.Cpf5_Optimizations" time="0.021">
    <failure message="java.lang.AssertionError: Expected code to change with -r flag&#10;&#10;Original code:&#10;.class RegAlloc&#10;.super java/lang/Object&#10;&#10;.method public &lt;init&gt;()V&#10;aload_0&#10;invokespecial java/lang/Object.&lt;init&gt;()V&#10;return&#10;.end method&#10;&#10;.method public soManyRegisters(I)I&#10;.limit locals 6&#10;.limit stack 1&#10;iconst_0&#10;istore_2&#10;iload_2&#10;istore_3&#10;iload_3&#10;istore 4&#10;iload 4&#10;istore 5&#10;iload 5&#10;ireturn&#10;.end method&#10;&#10;.method public static main([Ljava/lang/String;)V&#10;.limit locals 1&#10;.limit stack 0&#10;return&#10;.end method&#10;&#10;&#10;Jasmin code:&#10;.class RegAlloc&#10;.super java/lang/Object&#10;&#10;.method public &lt;init&gt;()V&#10;aload_0&#10;invokespecial java/lang/Object.&lt;init&gt;()V&#10;return&#10;.end method&#10;&#10;.method public soManyRegisters(I)I&#10;.limit locals 6&#10;.limit stack 1&#10;iconst_0&#10;istore_2&#10;iload_2&#10;istore_3&#10;iload_3&#10;istore 4&#10;iload 4&#10;istore 5&#10;iload 5&#10;ireturn&#10;.end method&#10;&#10;.method public static main([Ljava/lang/String;)V&#10;.limit locals 1&#10;.limit stack 0&#10;return&#10;.end method&#10;&#10;&#10;No reports&#10;&#10;. Actual: .class RegAlloc&#10;.super java/lang/Object&#10;&#10;.method public &lt;init&gt;()V&#10;aload_0&#10;invokespecial java/lang/Object.&lt;init&gt;()V&#10;return&#10;.end method&#10;&#10;.method public soManyRegisters(I)I&#10;.limit locals 6&#10;.limit stack 1&#10;iconst_0&#10;istore_2&#10;iload_2&#10;istore_3&#10;iload_3&#10;istore 4&#10;iload 4&#10;istore 5&#10;iload 5&#10;ireturn&#10;.end method&#10;&#10;.method public static main([Ljava/lang/String;)V&#10;.limit locals 1&#10;.limit stack 0&#10;return&#10;.end method&#10;" type="java.lang.AssertionError">java.lang.AssertionError: Expected code to change with -r flag

Original code:
.class RegAlloc
.super java/lang/Object

.method public &lt;init&gt;()V
aload_0
invokespecial java/lang/Object.&lt;init&gt;()V
return
.end method

.method public soManyRegisters(I)I
.limit locals 6
.limit stack 1
iconst_0
istore_2
iload_2
istore_3
iload_3
istore 4
iload 4
istore 5
iload 5
ireturn
.end method

.method public static main([Ljava/lang/String;)V
.limit locals 1
.limit stack 0
return
.end method


Jasmin code:
.class RegAlloc
.super java/lang/Object

.method public &lt;init&gt;()V
aload_0
invokespecial java/lang/Object.&lt;init&gt;()V
return
.end method

.method public soManyRegisters(I)I
.limit locals 6
.limit stack 1
iconst_0
istore_2
iload_2
istore_3
iload_3
istore 4
iload 4
istore 5
iload 5
ireturn
.end method

.method public static main([Ljava/lang/String;)V
.limit locals 1
.limit stack 0
return
.end method


No reports

. Actual: .class RegAlloc
.super java/lang/Object

.method public &lt;init&gt;()V
aload_0
invokespecial java/lang/Object.&lt;init&gt;()V
return
.end method

.method public soManyRegisters(I)I
.limit locals 6
.limit stack 1
iconst_0
istore_2
iload_2
istore_3
iload_3
istore 4
iload 4
istore 5
iload 5
ireturn
.end method

.method public static main([Ljava/lang/String;)V
.limit locals 1
.limit stack 0
return
.end method

	at org.junit.Assert.fail(Assert.java:88)
	at org.junit.Assert.failEquals(Assert.java:185)
	at org.junit.Assert.assertNotEquals(Assert.java:161)
	at pt.up.fe.comp.CpUtils.assertNotEquals(CpUtils.java:224)
	at pt.up.fe.comp.cpf.Cpf5_Optimizations.section2_RegAlloc_AtMostRequestedNumber(Cpf5_Optimizations.java:198)
	at java.base/jdk.internal.reflect.NativeMethodAccessorImpl.invoke0(Native Method)
	at java.base/jdk.internal.reflect.NativeMethodAccessorImpl.invoke(NativeMethodAccessorImpl.java:77)
	at java.base/jdk.internal.reflect.DelegatingMethodAccessorImpl.invoke(DelegatingMethodAccessorImpl.java:43)
	at java.base/java.lang.reflect.Method.invoke(Method.java:568)
	at org.junit.runners.model.FrameworkMethod$1.runReflectiveCall(FrameworkMethod.java:47)
	at org.junit.internal.runners.model.ReflectiveCallable.run(ReflectiveCallable.java:12)
	at org.junit.runners.model.FrameworkMethod.invokeExplosively(FrameworkMethod.java:44)
	at org.junit.internal.runners.statements.InvokeMethod.evaluate(InvokeMethod.java:17)
	at org.junit.runners.ParentRunner.runLeaf(ParentRunner.java:271)
	at org.junit.runners.BlockJUnit4ClassRunner.runChild(BlockJUnit4ClassRunner.java:70)
	at org.junit.runners.BlockJUnit4ClassRunner.runChild(BlockJUnit4ClassRunner.java:50)
	at org.junit.runners.ParentRunner$3.run(ParentRunner.java:238)
	at org.junit.runners.ParentRunner$1.schedule(ParentRunner.java:63)
	at org.junit.runners.ParentRunner.runChildren(ParentRunner.java:236)
	at org.junit.runners.ParentRunner.access$000(ParentRunner.java:53)
	at org.junit.runners.ParentRunner$2.evaluate(ParentRunner.java:229)
	at org.junit.runners.ParentRunner.run(ParentRunner.java:309)
	at org.gradle.api.internal.tasks.testing.junit.JUnitTestClassExecutor.runTestClass(JUnitTestClassExecutor.java:110)
	at org.gradle.api.internal.tasks.testing.junit.JUnitTestClassExecutor.execute(JUnitTestClassExecutor.java:58)
	at org.gradle.api.internal.tasks.testing.junit.JUnitTestClassExecutor.execute(JUnitTestClassExecutor.java:38)
	at org.gradle.api.internal.tasks.testing.junit.AbstractJUnitTestClassProcessor.processTestClass(AbstractJUnitTestClassProcessor.java:62)
	at org.gradle.api.internal.tasks.testing.SuiteTestClassProcessor.processTestClass(SuiteTestClassProcessor.java:51)
	at java.base/jdk.internal.reflect.NativeMethodAccessorImpl.invoke0(Native Method)
	at java.base/jdk.internal.reflect.NativeMethodAccessorImpl.invoke(NativeMethodAccessorImpl.java:77)
	at java.base/jdk.internal.reflect.DelegatingMethodAccessorImpl.invoke(DelegatingMethodAccessorImpl.java:43)
	at java.base/java.lang.reflect.Method.invoke(Method.java:568)
	at org.gradle.internal.dispatch.ReflectionDispatch.dispatch(ReflectionDispatch.java:36)
	at org.gradle.internal.dispatch.ReflectionDispatch.dispatch(ReflectionDispatch.java:24)
	at org.gradle.internal.dispatch.ContextClassLoaderDispatch.dispatch(ContextClassLoaderDispatch.java:33)
	at org.gradle.internal.dispatch.ProxyDispatchAdapter$DispatchingInvocationHandler.invoke(ProxyDispatchAdapter.java:94)
	at jdk.proxy1/jdk.proxy1.$Proxy2.processTestClass(Unknown Source)
	at org.gradle.api.internal.tasks.testing.worker.TestWorker$2.run(TestWorker.java:176)
	at org.gradle.api.internal.tasks.testing.worker.TestWorker.executeAndMaintainThreadName(TestWorker.java:129)
	at org.gradle.api.internal.tasks.testing.worker.TestWorker.execute(TestWorker.java:100)
	at org.gradle.api.internal.tasks.testing.worker.TestWorker.execute(TestWorker.java:60)
	at org.gradle.process.internal.worker.child.ActionExecutionWorker.execute(ActionExecutionWorker.java:56)
	at org.gradle.process.internal.worker.child.SystemApplicationClassLoaderWorker.call(SystemApplicationClassLoaderWorker.java:133)
	at org.gradle.process.internal.worker.child.SystemApplicationClassLoaderWorker.call(SystemApplicationClassLoaderWorker.java:71)
	at worker.org.gradle.process.internal.worker.GradleWorkerMain.run(GradleWorkerMain.java:69)
	at worker.org.gradle.process.internal.worker.GradleWorkerMain.main(GradleWorkerMain.java:74)
</failure>
  </testcase>
  <testcase name="section4_WhileTemplate_DoWhile" classname="pt.up.fe.comp.cpf.Cpf5_Optimizations" time="0.026">
    <failure message="java.lang.AssertionError: Expected code to change with -o flag&#10;&#10;Original code:&#10;.class WhileOpt&#10;.super java/lang/Object&#10;&#10;.method public &lt;init&gt;()V&#10;aload_0&#10;invokespecial java/lang/Object.&lt;init&gt;()V&#10;return&#10;.end method&#10;&#10;.method public static main([Ljava/lang/String;)V&#10;.limit locals 3&#10;.limit stack 2&#10;iconst_0&#10;istore_1&#10;loop1:&#10;iload_1&#10;bipush 10&#10;if_icmpge myTrue0&#10;iconst_1&#10;goto myEndIf0&#10;myTrue0:&#10;iconst_0&#10;myEndIf0:&#10;istore_2&#10;iload_2&#10;ifeq endloop1&#10;iload_1&#10;iconst_1&#10;iadd&#10;istore_1&#10;goto loop1&#10;endloop1:&#10;return&#10;.end method&#10;&#10;&#10;Jasmin code:&#10;.class WhileOpt&#10;.super java/lang/Object&#10;&#10;.method public &lt;init&gt;()V&#10;aload_0&#10;invokespecial java/lang/Object.&lt;init&gt;()V&#10;return&#10;.end method&#10;&#10;.method public static main([Ljava/lang/String;)V&#10;.limit locals 3&#10;.limit stack 2&#10;iconst_0&#10;istore_1&#10;loop1:&#10;iload_1&#10;bipush 10&#10;if_icmpge myTrue0&#10;iconst_1&#10;goto myEndIf0&#10;myTrue0:&#10;iconst_0&#10;myEndIf0:&#10;istore_2&#10;iload_2&#10;ifeq endloop1&#10;iload_1&#10;iconst_1&#10;iadd&#10;istore_1&#10;goto loop1&#10;endloop1:&#10;return&#10;.end method&#10;&#10;&#10;No reports&#10;&#10;. Actual: .class WhileOpt&#10;.super java/lang/Object&#10;&#10;.method public &lt;init&gt;()V&#10;aload_0&#10;invokespecial java/lang/Object.&lt;init&gt;()V&#10;return&#10;.end method&#10;&#10;.method public static main([Ljava/lang/String;)V&#10;.limit locals 3&#10;.limit stack 2&#10;iconst_0&#10;istore_1&#10;loop1:&#10;iload_1&#10;bipush 10&#10;if_icmpge myTrue0&#10;iconst_1&#10;goto myEndIf0&#10;myTrue0:&#10;iconst_0&#10;myEndIf0:&#10;istore_2&#10;iload_2&#10;ifeq endloop1&#10;iload_1&#10;iconst_1&#10;iadd&#10;istore_1&#10;goto loop1&#10;endloop1:&#10;return&#10;.end method&#10;" type="java.lang.AssertionError">java.lang.AssertionError: Expected code to change with -o flag

Original code:
.class WhileOpt
.super java/lang/Object

.method public &lt;init&gt;()V
aload_0
invokespecial java/lang/Object.&lt;init&gt;()V
return
.end method

.method public static main([Ljava/lang/String;)V
.limit locals 3
.limit stack 2
iconst_0
istore_1
loop1:
iload_1
bipush 10
if_icmpge myTrue0
iconst_1
goto myEndIf0
myTrue0:
iconst_0
myEndIf0:
istore_2
iload_2
ifeq endloop1
iload_1
iconst_1
iadd
istore_1
goto loop1
endloop1:
return
.end method


Jasmin code:
.class WhileOpt
.super java/lang/Object

.method public &lt;init&gt;()V
aload_0
invokespecial java/lang/Object.&lt;init&gt;()V
return
.end method

.method public static main([Ljava/lang/String;)V
.limit locals 3
.limit stack 2
iconst_0
istore_1
loop1:
iload_1
bipush 10
if_icmpge myTrue0
iconst_1
goto myEndIf0
myTrue0:
iconst_0
myEndIf0:
istore_2
iload_2
ifeq endloop1
iload_1
iconst_1
iadd
istore_1
goto loop1
endloop1:
return
.end method


No reports

. Actual: .class WhileOpt
.super java/lang/Object

.method public &lt;init&gt;()V
aload_0
invokespecial java/lang/Object.&lt;init&gt;()V
return
.end method

.method public static main([Ljava/lang/String;)V
.limit locals 3
.limit stack 2
iconst_0
istore_1
loop1:
iload_1
bipush 10
if_icmpge myTrue0
iconst_1
goto myEndIf0
myTrue0:
iconst_0
myEndIf0:
istore_2
iload_2
ifeq endloop1
iload_1
iconst_1
iadd
istore_1
goto loop1
endloop1:
return
.end method

	at org.junit.Assert.fail(Assert.java:88)
	at org.junit.Assert.failEquals(Assert.java:185)
	at org.junit.Assert.assertNotEquals(Assert.java:161)
	at pt.up.fe.comp.CpUtils.assertNotEquals(CpUtils.java:224)
	at pt.up.fe.comp.cpf.Cpf5_Optimizations.section4_WhileTemplate_DoWhile(Cpf5_Optimizations.java:310)
	at java.base/jdk.internal.reflect.NativeMethodAccessorImpl.invoke0(Native Method)
	at java.base/jdk.internal.reflect.NativeMethodAccessorImpl.invoke(NativeMethodAccessorImpl.java:77)
	at java.base/jdk.internal.reflect.DelegatingMethodAccessorImpl.invoke(DelegatingMethodAccessorImpl.java:43)
	at java.base/java.lang.reflect.Method.invoke(Method.java:568)
	at org.junit.runners.model.FrameworkMethod$1.runReflectiveCall(FrameworkMethod.java:47)
	at org.junit.internal.runners.model.ReflectiveCallable.run(ReflectiveCallable.java:12)
	at org.junit.runners.model.FrameworkMethod.invokeExplosively(FrameworkMethod.java:44)
	at org.junit.internal.runners.statements.InvokeMethod.evaluate(InvokeMethod.java:17)
	at org.junit.runners.ParentRunner.runLeaf(ParentRunner.java:271)
	at org.junit.runners.BlockJUnit4ClassRunner.runChild(BlockJUnit4ClassRunner.java:70)
	at org.junit.runners.BlockJUnit4ClassRunner.runChild(BlockJUnit4ClassRunner.java:50)
	at org.junit.runners.ParentRunner$3.run(ParentRunner.java:238)
	at org.junit.runners.ParentRunner$1.schedule(ParentRunner.java:63)
	at org.junit.runners.ParentRunner.runChildren(ParentRunner.java:236)
	at org.junit.runners.ParentRunner.access$000(ParentRunner.java:53)
	at org.junit.runners.ParentRunner$2.evaluate(ParentRunner.java:229)
	at org.junit.runners.ParentRunner.run(ParentRunner.java:309)
	at org.gradle.api.internal.tasks.testing.junit.JUnitTestClassExecutor.runTestClass(JUnitTestClassExecutor.java:110)
	at org.gradle.api.internal.tasks.testing.junit.JUnitTestClassExecutor.execute(JUnitTestClassExecutor.java:58)
	at org.gradle.api.internal.tasks.testing.junit.JUnitTestClassExecutor.execute(JUnitTestClassExecutor.java:38)
	at org.gradle.api.internal.tasks.testing.junit.AbstractJUnitTestClassProcessor.processTestClass(AbstractJUnitTestClassProcessor.java:62)
	at org.gradle.api.internal.tasks.testing.SuiteTestClassProcessor.processTestClass(SuiteTestClassProcessor.java:51)
	at java.base/jdk.internal.reflect.NativeMethodAccessorImpl.invoke0(Native Method)
	at java.base/jdk.internal.reflect.NativeMethodAccessorImpl.invoke(NativeMethodAccessorImpl.java:77)
	at java.base/jdk.internal.reflect.DelegatingMethodAccessorImpl.invoke(DelegatingMethodAccessorImpl.java:43)
	at java.base/java.lang.reflect.Method.invoke(Method.java:568)
	at org.gradle.internal.dispatch.ReflectionDispatch.dispatch(ReflectionDispatch.java:36)
	at org.gradle.internal.dispatch.ReflectionDispatch.dispatch(ReflectionDispatch.java:24)
	at org.gradle.internal.dispatch.ContextClassLoaderDispatch.dispatch(ContextClassLoaderDispatch.java:33)
	at org.gradle.internal.dispatch.ProxyDispatchAdapter$DispatchingInvocationHandler.invoke(ProxyDispatchAdapter.java:94)
	at jdk.proxy1/jdk.proxy1.$Proxy2.processTestClass(Unknown Source)
	at org.gradle.api.internal.tasks.testing.worker.TestWorker$2.run(TestWorker.java:176)
	at org.gradle.api.internal.tasks.testing.worker.TestWorker.executeAndMaintainThreadName(TestWorker.java:129)
	at org.gradle.api.internal.tasks.testing.worker.TestWorker.execute(TestWorker.java:100)
	at org.gradle.api.internal.tasks.testing.worker.TestWorker.execute(TestWorker.java:60)
	at org.gradle.process.internal.worker.child.ActionExecutionWorker.execute(ActionExecutionWorker.java:56)
	at org.gradle.process.internal.worker.child.SystemApplicationClassLoaderWorker.call(SystemApplicationClassLoaderWorker.java:133)
	at org.gradle.process.internal.worker.child.SystemApplicationClassLoaderWorker.call(SystemApplicationClassLoaderWorker.java:71)
	at worker.org.gradle.process.internal.worker.GradleWorkerMain.run(GradleWorkerMain.java:69)
	at worker.org.gradle.process.internal.worker.GradleWorkerMain.main(GradleWorkerMain.java:74)
</failure>
  </testcase>
  <testcase name="section1_InstSelection_iconst_0" classname="pt.up.fe.comp.cpf.Cpf5_Optimizations" time="0.014"/>
  <testcase name="section1_InstSelection_iconst_5" classname="pt.up.fe.comp.cpf.Cpf5_Optimizations" time="0.009"/>
  <testcase name="section1_InstSelection_sipush_32767" classname="pt.up.fe.comp.cpf.Cpf5_Optimizations" time="0.009"/>
  <testcase name="section1_InstSelection_istore_1" classname="pt.up.fe.comp.cpf.Cpf5_Optimizations" time="0.009"/>
  <testcase name="section1_InstSelection_istore_3" classname="pt.up.fe.comp.cpf.Cpf5_Optimizations" time="0.011"/>
  <testcase name="section1_InstSelection_istore_4" classname="pt.up.fe.comp.cpf.Cpf5_Optimizations" time="0.015"/>
  <testcase name="section1_InstSelection_bipush_6" classname="pt.up.fe.comp.cpf.Cpf5_Optimizations" time="0.014"/>
  <testcase name="section1_InstSelection_bipush_127" classname="pt.up.fe.comp.cpf.Cpf5_Optimizations" time="0.013"/>
  <testcase name="section1_InstSelection_iload_1" classname="pt.up.fe.comp.cpf.Cpf5_Optimizations" time="0.01"/>
  <testcase name="section1_InstSelection_iload_3" classname="pt.up.fe.comp.cpf.Cpf5_Optimizations" time="0.015"/>
  <testcase name="section1_InstSelection_iload_4" classname="pt.up.fe.comp.cpf.Cpf5_Optimizations" time="0.011"/>
  <testcase name="section3_ConstProp_InSequentialCode" classname="pt.up.fe.comp.cpf.Cpf5_Optimizations" time="0.017">
    <failure message="java.lang.AssertionError: Expected code to change with -o flag&#10;&#10;Original code:&#10;.class PropSequential&#10;.super java/lang/Object&#10;&#10;.method public &lt;init&gt;()V&#10;aload_0&#10;invokespecial java/lang/Object.&lt;init&gt;()V&#10;return&#10;.end method&#10;&#10;.method public foo(I)I&#10;.limit locals 4&#10;.limit stack 2&#10;bipush 10&#10;istore_2&#10;iload_2&#10;istore_3&#10;iload_3&#10;iload_1&#10;imul&#10;istore_2&#10;iload_2&#10;ireturn&#10;.end method&#10;&#10;.method public static main([Ljava/lang/String;)V&#10;.limit locals 1&#10;.limit stack 0&#10;return&#10;.end method&#10;&#10;&#10;Jasmin code:&#10;.class PropSequential&#10;.super java/lang/Object&#10;&#10;.method public &lt;init&gt;()V&#10;aload_0&#10;invokespecial java/lang/Object.&lt;init&gt;()V&#10;return&#10;.end method&#10;&#10;.method public foo(I)I&#10;.limit locals 4&#10;.limit stack 2&#10;bipush 10&#10;istore_2&#10;iload_2&#10;istore_3&#10;iload_3&#10;iload_1&#10;imul&#10;istore_2&#10;iload_2&#10;ireturn&#10;.end method&#10;&#10;.method public static main([Ljava/lang/String;)V&#10;.limit locals 1&#10;.limit stack 0&#10;return&#10;.end method&#10;&#10;&#10;No reports&#10;&#10;. Actual: .class PropSequential&#10;.super java/lang/Object&#10;&#10;.method public &lt;init&gt;()V&#10;aload_0&#10;invokespecial java/lang/Object.&lt;init&gt;()V&#10;return&#10;.end method&#10;&#10;.method public foo(I)I&#10;.limit locals 4&#10;.limit stack 2&#10;bipush 10&#10;istore_2&#10;iload_2&#10;istore_3&#10;iload_3&#10;iload_1&#10;imul&#10;istore_2&#10;iload_2&#10;ireturn&#10;.end method&#10;&#10;.method public static main([Ljava/lang/String;)V&#10;.limit locals 1&#10;.limit stack 0&#10;return&#10;.end method&#10;" type="java.lang.AssertionError">java.lang.AssertionError: Expected code to change with -o flag

Original code:
.class PropSequential
.super java/lang/Object

.method public &lt;init&gt;()V
aload_0
invokespecial java/lang/Object.&lt;init&gt;()V
return
.end method

.method public foo(I)I
.limit locals 4
.limit stack 2
bipush 10
istore_2
iload_2
istore_3
iload_3
iload_1
imul
istore_2
iload_2
ireturn
.end method

.method public static main([Ljava/lang/String;)V
.limit locals 1
.limit stack 0
return
.end method


Jasmin code:
.class PropSequential
.super java/lang/Object

.method public &lt;init&gt;()V
aload_0
invokespecial java/lang/Object.&lt;init&gt;()V
return
.end method

.method public foo(I)I
.limit locals 4
.limit stack 2
bipush 10
istore_2
iload_2
istore_3
iload_3
iload_1
imul
istore_2
iload_2
ireturn
.end method

.method public static main([Ljava/lang/String;)V
.limit locals 1
.limit stack 0
return
.end method


No reports

. Actual: .class PropSequential
.super java/lang/Object

.method public &lt;init&gt;()V
aload_0
invokespecial java/lang/Object.&lt;init&gt;()V
return
.end method

.method public foo(I)I
.limit locals 4
.limit stack 2
bipush 10
istore_2
iload_2
istore_3
iload_3
iload_1
imul
istore_2
iload_2
ireturn
.end method

.method public static main([Ljava/lang/String;)V
.limit locals 1
.limit stack 0
return
.end method

	at org.junit.Assert.fail(Assert.java:88)
	at org.junit.Assert.failEquals(Assert.java:185)
	at org.junit.Assert.assertNotEquals(Assert.java:161)
	at pt.up.fe.comp.CpUtils.assertNotEquals(CpUtils.java:224)
	at pt.up.fe.comp.cpf.Cpf5_Optimizations.section3_ConstProp_InSequentialCode(Cpf5_Optimizations.java:263)
	at java.base/jdk.internal.reflect.NativeMethodAccessorImpl.invoke0(Native Method)
	at java.base/jdk.internal.reflect.NativeMethodAccessorImpl.invoke(NativeMethodAccessorImpl.java:77)
	at java.base/jdk.internal.reflect.DelegatingMethodAccessorImpl.invoke(DelegatingMethodAccessorImpl.java:43)
	at java.base/java.lang.reflect.Method.invoke(Method.java:568)
	at org.junit.runners.model.FrameworkMethod$1.runReflectiveCall(FrameworkMethod.java:47)
	at org.junit.internal.runners.model.ReflectiveCallable.run(ReflectiveCallable.java:12)
	at org.junit.runners.model.FrameworkMethod.invokeExplosively(FrameworkMethod.java:44)
	at org.junit.internal.runners.statements.InvokeMethod.evaluate(InvokeMethod.java:17)
	at org.junit.runners.ParentRunner.runLeaf(ParentRunner.java:271)
	at org.junit.runners.BlockJUnit4ClassRunner.runChild(BlockJUnit4ClassRunner.java:70)
	at org.junit.runners.BlockJUnit4ClassRunner.runChild(BlockJUnit4ClassRunner.java:50)
	at org.junit.runners.ParentRunner$3.run(ParentRunner.java:238)
	at org.junit.runners.ParentRunner$1.schedule(ParentRunner.java:63)
	at org.junit.runners.ParentRunner.runChildren(ParentRunner.java:236)
	at org.junit.runners.ParentRunner.access$000(ParentRunner.java:53)
	at org.junit.runners.ParentRunner$2.evaluate(ParentRunner.java:229)
	at org.junit.runners.ParentRunner.run(ParentRunner.java:309)
	at org.gradle.api.internal.tasks.testing.junit.JUnitTestClassExecutor.runTestClass(JUnitTestClassExecutor.java:110)
	at org.gradle.api.internal.tasks.testing.junit.JUnitTestClassExecutor.execute(JUnitTestClassExecutor.java:58)
	at org.gradle.api.internal.tasks.testing.junit.JUnitTestClassExecutor.execute(JUnitTestClassExecutor.java:38)
	at org.gradle.api.internal.tasks.testing.junit.AbstractJUnitTestClassProcessor.processTestClass(AbstractJUnitTestClassProcessor.java:62)
	at org.gradle.api.internal.tasks.testing.SuiteTestClassProcessor.processTestClass(SuiteTestClassProcessor.java:51)
	at java.base/jdk.internal.reflect.NativeMethodAccessorImpl.invoke0(Native Method)
	at java.base/jdk.internal.reflect.NativeMethodAccessorImpl.invoke(NativeMethodAccessorImpl.java:77)
	at java.base/jdk.internal.reflect.DelegatingMethodAccessorImpl.invoke(DelegatingMethodAccessorImpl.java:43)
	at java.base/java.lang.reflect.Method.invoke(Method.java:568)
	at org.gradle.internal.dispatch.ReflectionDispatch.dispatch(ReflectionDispatch.java:36)
	at org.gradle.internal.dispatch.ReflectionDispatch.dispatch(ReflectionDispatch.java:24)
	at org.gradle.internal.dispatch.ContextClassLoaderDispatch.dispatch(ContextClassLoaderDispatch.java:33)
	at org.gradle.internal.dispatch.ProxyDispatchAdapter$DispatchingInvocationHandler.invoke(ProxyDispatchAdapter.java:94)
	at jdk.proxy1/jdk.proxy1.$Proxy2.processTestClass(Unknown Source)
	at org.gradle.api.internal.tasks.testing.worker.TestWorker$2.run(TestWorker.java:176)
	at org.gradle.api.internal.tasks.testing.worker.TestWorker.executeAndMaintainThreadName(TestWorker.java:129)
	at org.gradle.api.internal.tasks.testing.worker.TestWorker.execute(TestWorker.java:100)
	at org.gradle.api.internal.tasks.testing.worker.TestWorker.execute(TestWorker.java:60)
	at org.gradle.process.internal.worker.child.ActionExecutionWorker.execute(ActionExecutionWorker.java:56)
	at org.gradle.process.internal.worker.child.SystemApplicationClassLoaderWorker.call(SystemApplicationClassLoaderWorker.java:133)
	at org.gradle.process.internal.worker.child.SystemApplicationClassLoaderWorker.call(SystemApplicationClassLoaderWorker.java:71)
	at worker.org.gradle.process.internal.worker.GradleWorkerMain.run(GradleWorkerMain.java:69)
	at worker.org.gradle.process.internal.worker.GradleWorkerMain.main(GradleWorkerMain.java:74)
</failure>
  </testcase>
  <testcase name="section1_InstSelection_sipush_128" classname="pt.up.fe.comp.cpf.Cpf5_Optimizations" time="0.01"/>
  <testcase name="section3_ConstProp_Simple" classname="pt.up.fe.comp.cpf.Cpf5_Optimizations" time="0.016">
    <failure message="java.lang.AssertionError: Expected code to change with -o flag&#10;&#10;Original code:&#10;.class PropSimple&#10;.super java/lang/Object&#10;&#10;.method public &lt;init&gt;()V&#10;aload_0&#10;invokespecial java/lang/Object.&lt;init&gt;()V&#10;return&#10;.end method&#10;&#10;.method public foo()I&#10;.limit locals 2&#10;.limit stack 1&#10;bipush 10&#10;istore_1&#10;iload_1&#10;ireturn&#10;.end method&#10;&#10;.method public static main([Ljava/lang/String;)V&#10;.limit locals 1&#10;.limit stack 0&#10;return&#10;.end method&#10;&#10;&#10;Jasmin code:&#10;.class PropSimple&#10;.super java/lang/Object&#10;&#10;.method public &lt;init&gt;()V&#10;aload_0&#10;invokespecial java/lang/Object.&lt;init&gt;()V&#10;return&#10;.end method&#10;&#10;.method public foo()I&#10;.limit locals 2&#10;.limit stack 1&#10;bipush 10&#10;istore_1&#10;iload_1&#10;ireturn&#10;.end method&#10;&#10;.method public static main([Ljava/lang/String;)V&#10;.limit locals 1&#10;.limit stack 0&#10;return&#10;.end method&#10;&#10;&#10;No reports&#10;&#10;. Actual: .class PropSimple&#10;.super java/lang/Object&#10;&#10;.method public &lt;init&gt;()V&#10;aload_0&#10;invokespecial java/lang/Object.&lt;init&gt;()V&#10;return&#10;.end method&#10;&#10;.method public foo()I&#10;.limit locals 2&#10;.limit stack 1&#10;bipush 10&#10;istore_1&#10;iload_1&#10;ireturn&#10;.end method&#10;&#10;.method public static main([Ljava/lang/String;)V&#10;.limit locals 1&#10;.limit stack 0&#10;return&#10;.end method&#10;" type="java.lang.AssertionError">java.lang.AssertionError: Expected code to change with -o flag

Original code:
.class PropSimple
.super java/lang/Object

.method public &lt;init&gt;()V
aload_0
invokespecial java/lang/Object.&lt;init&gt;()V
return
.end method

.method public foo()I
.limit locals 2
.limit stack 1
bipush 10
istore_1
iload_1
ireturn
.end method

.method public static main([Ljava/lang/String;)V
.limit locals 1
.limit stack 0
return
.end method


Jasmin code:
.class PropSimple
.super java/lang/Object

.method public &lt;init&gt;()V
aload_0
invokespecial java/lang/Object.&lt;init&gt;()V
return
.end method

.method public foo()I
.limit locals 2
.limit stack 1
bipush 10
istore_1
iload_1
ireturn
.end method

.method public static main([Ljava/lang/String;)V
.limit locals 1
.limit stack 0
return
.end method


No reports

. Actual: .class PropSimple
.super java/lang/Object

.method public &lt;init&gt;()V
aload_0
invokespecial java/lang/Object.&lt;init&gt;()V
return
.end method

.method public foo()I
.limit locals 2
.limit stack 1
bipush 10
istore_1
iload_1
ireturn
.end method

.method public static main([Ljava/lang/String;)V
.limit locals 1
.limit stack 0
return
.end method

	at org.junit.Assert.fail(Assert.java:88)
	at org.junit.Assert.failEquals(Assert.java:185)
	at org.junit.Assert.assertNotEquals(Assert.java:161)
	at pt.up.fe.comp.CpUtils.assertNotEquals(CpUtils.java:224)
	at pt.up.fe.comp.cpf.Cpf5_Optimizations.section3_ConstProp_Simple(Cpf5_Optimizations.java:248)
	at java.base/jdk.internal.reflect.NativeMethodAccessorImpl.invoke0(Native Method)
	at java.base/jdk.internal.reflect.NativeMethodAccessorImpl.invoke(NativeMethodAccessorImpl.java:77)
	at java.base/jdk.internal.reflect.DelegatingMethodAccessorImpl.invoke(DelegatingMethodAccessorImpl.java:43)
	at java.base/java.lang.reflect.Method.invoke(Method.java:568)
	at org.junit.runners.model.FrameworkMethod$1.runReflectiveCall(FrameworkMethod.java:47)
	at org.junit.internal.runners.model.ReflectiveCallable.run(ReflectiveCallable.java:12)
	at org.junit.runners.model.FrameworkMethod.invokeExplosively(FrameworkMethod.java:44)
	at org.junit.internal.runners.statements.InvokeMethod.evaluate(InvokeMethod.java:17)
	at org.junit.runners.ParentRunner.runLeaf(ParentRunner.java:271)
	at org.junit.runners.BlockJUnit4ClassRunner.runChild(BlockJUnit4ClassRunner.java:70)
	at org.junit.runners.BlockJUnit4ClassRunner.runChild(BlockJUnit4ClassRunner.java:50)
	at org.junit.runners.ParentRunner$3.run(ParentRunner.java:238)
	at org.junit.runners.ParentRunner$1.schedule(ParentRunner.java:63)
	at org.junit.runners.ParentRunner.runChildren(ParentRunner.java:236)
	at org.junit.runners.ParentRunner.access$000(ParentRunner.java:53)
	at org.junit.runners.ParentRunner$2.evaluate(ParentRunner.java:229)
	at org.junit.runners.ParentRunner.run(ParentRunner.java:309)
	at org.gradle.api.internal.tasks.testing.junit.JUnitTestClassExecutor.runTestClass(JUnitTestClassExecutor.java:110)
	at org.gradle.api.internal.tasks.testing.junit.JUnitTestClassExecutor.execute(JUnitTestClassExecutor.java:58)
	at org.gradle.api.internal.tasks.testing.junit.JUnitTestClassExecutor.execute(JUnitTestClassExecutor.java:38)
	at org.gradle.api.internal.tasks.testing.junit.AbstractJUnitTestClassProcessor.processTestClass(AbstractJUnitTestClassProcessor.java:62)
	at org.gradle.api.internal.tasks.testing.SuiteTestClassProcessor.processTestClass(SuiteTestClassProcessor.java:51)
	at java.base/jdk.internal.reflect.NativeMethodAccessorImpl.invoke0(Native Method)
	at java.base/jdk.internal.reflect.NativeMethodAccessorImpl.invoke(NativeMethodAccessorImpl.java:77)
	at java.base/jdk.internal.reflect.DelegatingMethodAccessorImpl.invoke(DelegatingMethodAccessorImpl.java:43)
	at java.base/java.lang.reflect.Method.invoke(Method.java:568)
	at org.gradle.internal.dispatch.ReflectionDispatch.dispatch(ReflectionDispatch.java:36)
	at org.gradle.internal.dispatch.ReflectionDispatch.dispatch(ReflectionDispatch.java:24)
	at org.gradle.internal.dispatch.ContextClassLoaderDispatch.dispatch(ContextClassLoaderDispatch.java:33)
	at org.gradle.internal.dispatch.ProxyDispatchAdapter$DispatchingInvocationHandler.invoke(ProxyDispatchAdapter.java:94)
	at jdk.proxy1/jdk.proxy1.$Proxy2.processTestClass(Unknown Source)
	at org.gradle.api.internal.tasks.testing.worker.TestWorker$2.run(TestWorker.java:176)
	at org.gradle.api.internal.tasks.testing.worker.TestWorker.executeAndMaintainThreadName(TestWorker.java:129)
	at org.gradle.api.internal.tasks.testing.worker.TestWorker.execute(TestWorker.java:100)
	at org.gradle.api.internal.tasks.testing.worker.TestWorker.execute(TestWorker.java:60)
	at org.gradle.process.internal.worker.child.ActionExecutionWorker.execute(ActionExecutionWorker.java:56)
	at org.gradle.process.internal.worker.child.SystemApplicationClassLoaderWorker.call(SystemApplicationClassLoaderWorker.java:133)
	at org.gradle.process.internal.worker.child.SystemApplicationClassLoaderWorker.call(SystemApplicationClassLoaderWorker.java:71)
	at worker.org.gradle.process.internal.worker.GradleWorkerMain.run(GradleWorkerMain.java:69)
	at worker.org.gradle.process.internal.worker.GradleWorkerMain.main(GradleWorkerMain.java:74)
</failure>
  </testcase>
  <testcase name="section3_ConstProp_WithIf" classname="pt.up.fe.comp.cpf.Cpf5_Optimizations" time="0.021">
    <failure message="java.lang.AssertionError: Expected code to change with -o flag&#10;&#10;Original code:&#10;.class PropWithIf&#10;.super java/lang/Object&#10;&#10;.method public &lt;init&gt;()V&#10;aload_0&#10;invokespecial java/lang/Object.&lt;init&gt;()V&#10;return&#10;.end method&#10;&#10;.method public foo(I)I&#10;.limit locals 4&#10;.limit stack 2&#10;bipush 10&#10;istore_2&#10;iload_1&#10;iload_2&#10;if_icmpge myTrue0&#10;iconst_1&#10;goto myEndIf0&#10;myTrue0:&#10;iconst_0&#10;myEndIf0:&#10;istore_3&#10;iload_3&#10;ifeq else1&#10;iload_1&#10;istore_2&#10;goto endif1&#10;else1:&#10;iload_2&#10;istore_2&#10;endif1:&#10;iload_2&#10;ireturn&#10;.end method&#10;&#10;.method public static main([Ljava/lang/String;)V&#10;.limit locals 1&#10;.limit stack 0&#10;return&#10;.end method&#10;&#10;&#10;Jasmin code:&#10;.class PropWithIf&#10;.super java/lang/Object&#10;&#10;.method public &lt;init&gt;()V&#10;aload_0&#10;invokespecial java/lang/Object.&lt;init&gt;()V&#10;return&#10;.end method&#10;&#10;.method public foo(I)I&#10;.limit locals 4&#10;.limit stack 2&#10;bipush 10&#10;istore_2&#10;iload_1&#10;iload_2&#10;if_icmpge myTrue0&#10;iconst_1&#10;goto myEndIf0&#10;myTrue0:&#10;iconst_0&#10;myEndIf0:&#10;istore_3&#10;iload_3&#10;ifeq else1&#10;iload_1&#10;istore_2&#10;goto endif1&#10;else1:&#10;iload_2&#10;istore_2&#10;endif1:&#10;iload_2&#10;ireturn&#10;.end method&#10;&#10;.method public static main([Ljava/lang/String;)V&#10;.limit locals 1&#10;.limit stack 0&#10;return&#10;.end method&#10;&#10;&#10;No reports&#10;&#10;. Actual: .class PropWithIf&#10;.super java/lang/Object&#10;&#10;.method public &lt;init&gt;()V&#10;aload_0&#10;invokespecial java/lang/Object.&lt;init&gt;()V&#10;return&#10;.end method&#10;&#10;.method public foo(I)I&#10;.limit locals 4&#10;.limit stack 2&#10;bipush 10&#10;istore_2&#10;iload_1&#10;iload_2&#10;if_icmpge myTrue0&#10;iconst_1&#10;goto myEndIf0&#10;myTrue0:&#10;iconst_0&#10;myEndIf0:&#10;istore_3&#10;iload_3&#10;ifeq else1&#10;iload_1&#10;istore_2&#10;goto endif1&#10;else1:&#10;iload_2&#10;istore_2&#10;endif1:&#10;iload_2&#10;ireturn&#10;.end method&#10;&#10;.method public static main([Ljava/lang/String;)V&#10;.limit locals 1&#10;.limit stack 0&#10;return&#10;.end method&#10;" type="java.lang.AssertionError">java.lang.AssertionError: Expected code to change with -o flag

Original code:
.class PropWithIf
.super java/lang/Object

.method public &lt;init&gt;()V
aload_0
invokespecial java/lang/Object.&lt;init&gt;()V
return
.end method

.method public foo(I)I
.limit locals 4
.limit stack 2
bipush 10
istore_2
iload_1
iload_2
if_icmpge myTrue0
iconst_1
goto myEndIf0
myTrue0:
iconst_0
myEndIf0:
istore_3
iload_3
ifeq else1
iload_1
istore_2
goto endif1
else1:
iload_2
istore_2
endif1:
iload_2
ireturn
.end method

.method public static main([Ljava/lang/String;)V
.limit locals 1
.limit stack 0
return
.end method


Jasmin code:
.class PropWithIf
.super java/lang/Object

.method public &lt;init&gt;()V
aload_0
invokespecial java/lang/Object.&lt;init&gt;()V
return
.end method

.method public foo(I)I
.limit locals 4
.limit stack 2
bipush 10
istore_2
iload_1
iload_2
if_icmpge myTrue0
iconst_1
goto myEndIf0
myTrue0:
iconst_0
myEndIf0:
istore_3
iload_3
ifeq else1
iload_1
istore_2
goto endif1
else1:
iload_2
istore_2
endif1:
iload_2
ireturn
.end method

.method public static main([Ljava/lang/String;)V
.limit locals 1
.limit stack 0
return
.end method


No reports

. Actual: .class PropWithIf
.super java/lang/Object

.method public &lt;init&gt;()V
aload_0
invokespecial java/lang/Object.&lt;init&gt;()V
return
.end method

.method public foo(I)I
.limit locals 4
.limit stack 2
bipush 10
istore_2
iload_1
iload_2
if_icmpge myTrue0
iconst_1
goto myEndIf0
myTrue0:
iconst_0
myEndIf0:
istore_3
iload_3
ifeq else1
iload_1
istore_2
goto endif1
else1:
iload_2
istore_2
endif1:
iload_2
ireturn
.end method

.method public static main([Ljava/lang/String;)V
.limit locals 1
.limit stack 0
return
.end method

	at org.junit.Assert.fail(Assert.java:88)
	at org.junit.Assert.failEquals(Assert.java:185)
	at org.junit.Assert.assertNotEquals(Assert.java:161)
	at pt.up.fe.comp.CpUtils.assertNotEquals(CpUtils.java:224)
	at pt.up.fe.comp.cpf.Cpf5_Optimizations.section3_ConstProp_WithIf(Cpf5_Optimizations.java:293)
	at java.base/jdk.internal.reflect.NativeMethodAccessorImpl.invoke0(Native Method)
	at java.base/jdk.internal.reflect.NativeMethodAccessorImpl.invoke(NativeMethodAccessorImpl.java:77)
	at java.base/jdk.internal.reflect.DelegatingMethodAccessorImpl.invoke(DelegatingMethodAccessorImpl.java:43)
	at java.base/java.lang.reflect.Method.invoke(Method.java:568)
	at org.junit.runners.model.FrameworkMethod$1.runReflectiveCall(FrameworkMethod.java:47)
	at org.junit.internal.runners.model.ReflectiveCallable.run(ReflectiveCallable.java:12)
	at org.junit.runners.model.FrameworkMethod.invokeExplosively(FrameworkMethod.java:44)
	at org.junit.internal.runners.statements.InvokeMethod.evaluate(InvokeMethod.java:17)
	at org.junit.runners.ParentRunner.runLeaf(ParentRunner.java:271)
	at org.junit.runners.BlockJUnit4ClassRunner.runChild(BlockJUnit4ClassRunner.java:70)
	at org.junit.runners.BlockJUnit4ClassRunner.runChild(BlockJUnit4ClassRunner.java:50)
	at org.junit.runners.ParentRunner$3.run(ParentRunner.java:238)
	at org.junit.runners.ParentRunner$1.schedule(ParentRunner.java:63)
	at org.junit.runners.ParentRunner.runChildren(ParentRunner.java:236)
	at org.junit.runners.ParentRunner.access$000(ParentRunner.java:53)
	at org.junit.runners.ParentRunner$2.evaluate(ParentRunner.java:229)
	at org.junit.runners.ParentRunner.run(ParentRunner.java:309)
	at org.gradle.api.internal.tasks.testing.junit.JUnitTestClassExecutor.runTestClass(JUnitTestClassExecutor.java:110)
	at org.gradle.api.internal.tasks.testing.junit.JUnitTestClassExecutor.execute(JUnitTestClassExecutor.java:58)
	at org.gradle.api.internal.tasks.testing.junit.JUnitTestClassExecutor.execute(JUnitTestClassExecutor.java:38)
	at org.gradle.api.internal.tasks.testing.junit.AbstractJUnitTestClassProcessor.processTestClass(AbstractJUnitTestClassProcessor.java:62)
	at org.gradle.api.internal.tasks.testing.SuiteTestClassProcessor.processTestClass(SuiteTestClassProcessor.java:51)
	at java.base/jdk.internal.reflect.NativeMethodAccessorImpl.invoke0(Native Method)
	at java.base/jdk.internal.reflect.NativeMethodAccessorImpl.invoke(NativeMethodAccessorImpl.java:77)
	at java.base/jdk.internal.reflect.DelegatingMethodAccessorImpl.invoke(DelegatingMethodAccessorImpl.java:43)
	at java.base/java.lang.reflect.Method.invoke(Method.java:568)
	at org.gradle.internal.dispatch.ReflectionDispatch.dispatch(ReflectionDispatch.java:36)
	at org.gradle.internal.dispatch.ReflectionDispatch.dispatch(ReflectionDispatch.java:24)
	at org.gradle.internal.dispatch.ContextClassLoaderDispatch.dispatch(ContextClassLoaderDispatch.java:33)
	at org.gradle.internal.dispatch.ProxyDispatchAdapter$DispatchingInvocationHandler.invoke(ProxyDispatchAdapter.java:94)
	at jdk.proxy1/jdk.proxy1.$Proxy2.processTestClass(Unknown Source)
	at org.gradle.api.internal.tasks.testing.worker.TestWorker$2.run(TestWorker.java:176)
	at org.gradle.api.internal.tasks.testing.worker.TestWorker.executeAndMaintainThreadName(TestWorker.java:129)
	at org.gradle.api.internal.tasks.testing.worker.TestWorker.execute(TestWorker.java:100)
	at org.gradle.api.internal.tasks.testing.worker.TestWorker.execute(TestWorker.java:60)
	at org.gradle.process.internal.worker.child.ActionExecutionWorker.execute(ActionExecutionWorker.java:56)
	at org.gradle.process.internal.worker.child.SystemApplicationClassLoaderWorker.call(SystemApplicationClassLoaderWorker.java:133)
	at org.gradle.process.internal.worker.child.SystemApplicationClassLoaderWorker.call(SystemApplicationClassLoaderWorker.java:71)
	at worker.org.gradle.process.internal.worker.GradleWorkerMain.run(GradleWorkerMain.java:69)
	at worker.org.gradle.process.internal.worker.GradleWorkerMain.main(GradleWorkerMain.java:74)
</failure>
  </testcase>
  <system-out><![CDATA[]]></system-out>
  <system-err><![CDATA[]]></system-err>
</testsuite>
